000 (187668.000.000) 2019-12-08 22:20:14 Job submitted from host: <128.104.100.148:9618?addrs=128.104.100.148-9618+[2607-f388-107c-501-216-3eff-feb2-bc11]-9618&alias=learn.chtc.wisc.edu&noUDP&sock=schedd_2092_8437_3>
...
000 (187668.001.000) 2019-12-08 22:20:14 Job submitted from host: <128.104.100.148:9618?addrs=128.104.100.148-9618+[2607-f388-107c-501-216-3eff-feb2-bc11]-9618&alias=learn.chtc.wisc.edu&noUDP&sock=schedd_2092_8437_3>
...
000 (187668.002.000) 2019-12-08 22:20:14 Job submitted from host: <128.104.100.148:9618?addrs=128.104.100.148-9618+[2607-f388-107c-501-216-3eff-feb2-bc11]-9618&alias=learn.chtc.wisc.edu&noUDP&sock=schedd_2092_8437_3>
...
040 (187668.001.000) 2019-12-08 22:22:42 Started transferring input files
	Transferring to host: <128.104.58.226:9618?addrs=128.104.58.226-9618+[2607-f388-1086-0-226-9eff-fe2b-bdac]-9618&alias=e1089.chtc.wisc.edu&noUDP&sock=starter_3995_96bc_100071>
...
040 (187668.000.000) 2019-12-08 22:22:44 Started transferring input files
	Transferring to host: <128.104.58.191:9618?addrs=128.104.58.191-9618+[2607-f388-1086-0-16fe-b5ff-fec6-7579]-9618&alias=e1046.chtc.wisc.edu&noUDP&sock=starter_12069_73c4_121748>
...
040 (187668.001.000) 2019-12-08 22:22:49 Finished transferring input files
...
001 (187668.001.000) 2019-12-08 22:22:50 Job executing on host: <128.104.58.226:9618?addrs=128.104.58.226-9618+[2607-f388-1086-0-226-9eff-fe2b-bdac]-9618&alias=e1089.chtc.wisc.edu&noUDP&sock=startd_3998_dfba_3>
...
006 (187668.001.000) 2019-12-08 22:22:59 Image size of job updated: 242132
	233  -  MemoryUsage of job (MB)
	237908  -  ResidentSetSize of job (KB)
...
040 (187668.000.000) 2019-12-08 22:23:25 Finished transferring input files
...
001 (187668.000.000) 2019-12-08 22:23:26 Job executing on host: <128.104.58.191:9618?addrs=128.104.58.191-9618+[2607-f388-1086-0-16fe-b5ff-fec6-7579]-9618&alias=e1046.chtc.wisc.edu&noUDP&sock=startd_8452_f28d_3>
...
006 (187668.000.000) 2019-12-08 22:23:40 Image size of job updated: 239760
	232  -  MemoryUsage of job (MB)
	237472  -  ResidentSetSize of job (KB)
...
040 (187668.002.000) 2019-12-08 22:24:31 Started transferring input files
	Transferring to host: <128.105.245.101:9618?addrs=128.105.245.101-9618&alias=e301.chtc.wisc.edu&noUDP&sock=starter_33768_5c56_109739>
...
040 (187668.002.000) 2019-12-08 22:24:45 Finished transferring input files
...
001 (187668.002.000) 2019-12-08 22:24:46 Job executing on host: <128.105.245.101:9618?addrs=128.105.245.101-9618&alias=e301.chtc.wisc.edu&noUDP&sock=startd_7158_5f00_3>
...
006 (187668.002.000) 2019-12-08 22:25:05 Image size of job updated: 396
	1  -  MemoryUsage of job (MB)
	396  -  ResidentSetSize of job (KB)
...
006 (187668.001.000) 2019-12-08 22:28:00 Image size of job updated: 302288
	290  -  MemoryUsage of job (MB)
	296744  -  ResidentSetSize of job (KB)
...
006 (187668.000.000) 2019-12-08 22:28:36 Image size of job updated: 282780
	274  -  MemoryUsage of job (MB)
	279864  -  ResidentSetSize of job (KB)
...
006 (187668.002.000) 2019-12-08 22:30:05 Image size of job updated: 289400
	278  -  MemoryUsage of job (MB)
	284120  -  ResidentSetSize of job (KB)
...
006 (187668.001.000) 2019-12-08 22:33:00 Image size of job updated: 309680
	298  -  MemoryUsage of job (MB)
	304136  -  ResidentSetSize of job (KB)
...
006 (187668.000.000) 2019-12-08 22:33:36 Image size of job updated: 304748
	295  -  MemoryUsage of job (MB)
	301832  -  ResidentSetSize of job (KB)
...
006 (187668.000.000) 2019-12-08 22:36:09 Image size of job updated: 304752
	295  -  MemoryUsage of job (MB)
	301832  -  ResidentSetSize of job (KB)
...
040 (187668.000.000) 2019-12-08 22:36:09 Started transferring output files
...
040 (187668.000.000) 2019-12-08 22:36:09 Finished transferring output files
...
005 (187668.000.000) 2019-12-08 22:36:14 Job terminated.
	(1) Normal termination (return value 1)
		Usr 0 00:12:35, Sys 0 00:00:02  -  Run Remote Usage
		Usr 0 00:00:00, Sys 0 00:00:00  -  Run Local Usage
		Usr 0 00:12:35, Sys 0 00:00:02  -  Total Remote Usage
		Usr 0 00:00:00, Sys 0 00:00:00  -  Total Local Usage
	602  -  Run Bytes Sent By Job
	78605328  -  Run Bytes Received By Job
	602  -  Total Bytes Sent By Job
	78605328  -  Total Bytes Received By Job
	Partitionable Resources :     Usage  Request Allocated 
	   Cpus                 :      1.00        1         1 
	   Disk (KB)            : 335840     2097152   2336015 
	   IoHeavy              :                            0 
	   Memory (MB)          :    295        1024      1024 

	Job terminated of its own accord at 2019-12-09T04:36:08Z.
...
040 (187668.002.000) 2019-12-08 22:36:29 Started transferring output files
...
040 (187668.002.000) 2019-12-08 22:36:29 Finished transferring output files
...
005 (187668.002.000) 2019-12-08 22:36:39 Job terminated.
	(1) Normal termination (return value 1)
		Usr 0 00:10:43, Sys 0 00:00:02  -  Run Remote Usage
		Usr 0 00:00:00, Sys 0 00:00:00  -  Run Local Usage
		Usr 0 00:10:43, Sys 0 00:00:02  -  Total Remote Usage
		Usr 0 00:00:00, Sys 0 00:00:00  -  Total Local Usage
	602  -  Run Bytes Sent By Job
	78333464  -  Run Bytes Received By Job
	602  -  Total Bytes Sent By Job
	78333464  -  Total Bytes Received By Job
	Partitionable Resources :     Usage  Request Allocated 
	   Cpus                 :      1.00        1         1 
	   Disk (KB)            : 335576     2097152   2326368 
	   IoHeavy              :                            0 
	   Memory (MB)          :    278        1024      1024 

	Job terminated of its own accord at 2019-12-09T04:36:21Z.
...
006 (187668.001.000) 2019-12-08 22:38:37 Image size of job updated: 488748
	298  -  MemoryUsage of job (MB)
	304136  -  ResidentSetSize of job (KB)
...
040 (187668.001.000) 2019-12-08 22:38:37 Started transferring output files
...
040 (187668.001.000) 2019-12-08 22:38:37 Finished transferring output files
...
005 (187668.001.000) 2019-12-08 22:38:37 Job terminated.
	(1) Normal termination (return value 1)
		Usr 0 00:15:37, Sys 0 00:00:06  -  Run Remote Usage
		Usr 0 00:00:00, Sys 0 00:00:00  -  Run Local Usage
		Usr 0 00:15:37, Sys 0 00:00:06  -  Total Remote Usage
		Usr 0 00:00:00, Sys 0 00:00:00  -  Total Local Usage
	602  -  Run Bytes Sent By Job
	78659728  -  Run Bytes Received By Job
	602  -  Total Bytes Sent By Job
	78659728  -  Total Bytes Received By Job
	Partitionable Resources :     Usage  Request Allocated 
	   Cpus                 :      1.00        1         1 
	   Disk (KB)            : 335893     2097152  11035249 
	   IoHeavy              :                            0 
	   Memory (MB)          :    298        1024      1024 

	Job terminated of its own accord at 2019-12-09T04:38:37Z.
...
